# JRE version: OpenJDK Runtime Environment (21.0.3) (build 21.0.3+-12282718-b509.11)
# Java VM: OpenJDK 64-Bit Server VM (21.0.3+-12282718-b509.11, mixed mode, tiered, compressed oops, compressed class ptrs, g1 gc, windows-amd64)
GC Precious Log:
 CardTable entry size: 512
 Card Set container configuration: InlinePtr #cards 5 size 8 Array Of Cards #cards 12 size 40 Howl #buckets 4 coarsen threshold 1843 Howl Bitmap #cards 512 size 80 coarsen threshold 460 Card regions per heap region 1 cards per card region 2048
 CPUs: 4 total, 4 available
 Memory: 3885M
 Large Page Support: Disabled
 NUMA Support: Disabled
 Compressed Oops: Enabled (32-bit)
 Heap Region Size: 1M
 Heap Min Capacity: 8M
 Heap Initial Capacity: 62M
 Heap Max Capacity: 2G
 Pre-touch: Disabled
 Parallel Workers: 4
 Concurrent Workers: 1
 Concurrent Refinement Workers: 4
 Periodic GC: Disabled
Heap:
 garbage-first heap   total 364544K, used 275455K [0x0000000080000000, 0x0000000100000000)
  region size 1024K, 109 young (111616K), 17 survivors (17408K)
 Metaspace       used 136671K, committed 138880K, reserved 1179648K
  class space    used 18678K, committed 19776K, reserved 1048576K
GC Heap History (20 events):
Event: 43.153 GC heap before
{Heap before GC invocations=58 (full 0):
 garbage-first heap   total 222208K, used 199349K [0x0000000080000000, 0x0000000100000000)
  region size 1024K, 102 young (104448K), 9 survivors (9216K)
 Metaspace       used 102776K, committed 104832K, reserved 1179648K
  class space    used 14262K, committed 15296K, reserved 1048576K
}
Event: 43.172 GC heap after
{Heap after GC invocations=59 (full 0):
 garbage-first heap   total 222208K, used 106993K [0x0000000080000000, 0x0000000100000000)
  region size 1024K, 8 young (8192K), 8 survivors (8192K)
 Metaspace       used 102776K, committed 104832K, reserved 1179648K
  class space    used 14262K, committed 15296K, reserved 1048576K
}
Event: 44.769 GC heap before
{Heap before GC invocations=59 (full 0):
 garbage-first heap   total 222208K, used 210417K [0x0000000080000000, 0x0000000100000000)
  region size 1024K, 99 young (101376K), 8 survivors (8192K)
 Metaspace       used 108752K, committed 110848K, reserved 1179648K
  class space    used 15005K, committed 16064K, reserved 1048576K
}
Event: 44.802 GC heap after
{Heap after GC invocations=60 (full 0):
 garbage-first heap   total 233472K, used 116596K [0x0000000080000000, 0x0000000100000000)
  region size 1024K, 13 young (13312K), 13 survivors (13312K)
 Metaspace       used 108752K, committed 110848K, reserved 1179648K
  class space    used 15005K, committed 16064K, reserved 1048576K
}
Event: 45.958 GC heap before
{Heap before GC invocations=60 (full 0):
 garbage-first heap   total 233472K, used 206708K [0x0000000080000000, 0x0000000100000000)
  region size 1024K, 102 young (104448K), 13 survivors (13312K)
 Metaspace       used 116305K, committed 118464K, reserved 1179648K
  class space    used 16064K, committed 17152K, reserved 1048576K
}
Event: 45.997 GC heap after
{Heap after GC invocations=61 (full 0):
 garbage-first heap   total 281600K, used 129024K [0x0000000080000000, 0x0000000100000000)
  region size 1024K, 12 young (12288K), 12 survivors (12288K)
 Metaspace       used 116305K, committed 118464K, reserved 1179648K
  class space    used 16064K, committed 17152K, reserved 1048576K
}
Event: 47.873 GC heap before
{Heap before GC invocations=62 (full 0):
 garbage-first heap   total 281600K, used 242688K [0x0000000080000000, 0x0000000100000000)
  region size 1024K, 124 young (126976K), 12 survivors (12288K)
 Metaspace       used 117885K, committed 120000K, reserved 1179648K
  class space    used 16120K, committed 17152K, reserved 1048576K
}
Event: 47.897 GC heap after
{Heap after GC invocations=63 (full 0):
 garbage-first heap   total 281600K, used 129536K [0x0000000080000000, 0x0000000100000000)
  region size 1024K, 2 young (2048K), 2 survivors (2048K)
 Metaspace       used 117885K, committed 120000K, reserved 1179648K
  class space    used 16120K, committed 17152K, reserved 1048576K
}
Event: 49.556 GC heap before
{Heap before GC invocations=63 (full 0):
 garbage-first heap   total 281600K, used 258560K [0x0000000080000000, 0x0000000100000000)
  region size 1024K, 123 young (125952K), 2 survivors (2048K)
 Metaspace       used 120863K, committed 122944K, reserved 1179648K
  class space    used 16558K, committed 17600K, reserved 1048576K
}
Event: 49.660 GC heap after
{Heap after GC invocations=64 (full 0):
 garbage-first heap   total 281600K, used 134437K [0x0000000080000000, 0x0000000100000000)
  region size 1024K, 6 young (6144K), 6 survivors (6144K)
 Metaspace       used 120863K, committed 122944K, reserved 1179648K
  class space    used 16558K, committed 17600K, reserved 1048576K
}
Event: 49.861 GC heap before
{Heap before GC invocations=64 (full 0):
 garbage-first heap   total 281600K, used 144677K [0x0000000080000000, 0x0000000100000000)
  region size 1024K, 17 young (17408K), 6 survivors (6144K)
 Metaspace       used 121131K, committed 123264K, reserved 1179648K
  class space    used 16657K, committed 17728K, reserved 1048576K
}
Event: 49.871 GC heap after
{Heap after GC invocations=65 (full 0):
 garbage-first heap   total 281600K, used 134633K [0x0000000080000000, 0x0000000100000000)
  region size 1024K, 6 young (6144K), 6 survivors (6144K)
 Metaspace       used 121131K, committed 123264K, reserved 1179648K
  class space    used 16657K, committed 17728K, reserved 1048576K
}
Event: 55.773 GC heap before
{Heap before GC invocations=66 (full 0):
 garbage-first heap   total 281600K, used 248297K [0x0000000080000000, 0x0000000100000000)
  region size 1024K, 105 young (107520K), 6 survivors (6144K)
 Metaspace       used 122797K, committed 124928K, reserved 1179648K
  class space    used 16924K, committed 17984K, reserved 1048576K
}
Event: 55.828 GC heap after
{Heap after GC invocations=67 (full 0):
 garbage-first heap   total 281600K, used 139003K [0x0000000080000000, 0x0000000100000000)
  region size 1024K, 9 young (9216K), 9 survivors (9216K)
 Metaspace       used 122797K, committed 124928K, reserved 1179648K
  class space    used 16924K, committed 17984K, reserved 1048576K
}
Event: 58.382 GC heap before
{Heap before GC invocations=67 (full 0):
 garbage-first heap   total 330752K, used 328443K [0x0000000080000000, 0x0000000100000000)
  region size 1024K, 95 young (97280K), 9 survivors (9216K)
 Metaspace       used 125329K, committed 127552K, reserved 1179648K
  class space    used 17237K, committed 18368K, reserved 1048576K
}
Event: 58.425 GC heap after
{Heap after GC invocations=68 (full 0):
 garbage-first heap   total 348160K, used 152167K [0x0000000080000000, 0x0000000100000000)
  region size 1024K, 14 young (14336K), 14 survivors (14336K)
 Metaspace       used 125329K, committed 127552K, reserved 1179648K
  class space    used 17237K, committed 18368K, reserved 1048576K
}
Event: 64.946 GC heap before
{Heap before GC invocations=68 (full 0):
 garbage-first heap   total 348160K, used 324199K [0x0000000080000000, 0x0000000100000000)
  region size 1024K, 156 young (159744K), 14 survivors (14336K)
 Metaspace       used 133646K, committed 135872K, reserved 1179648K
  class space    used 18287K, committed 19392K, reserved 1048576K
}
Event: 65.164 GC heap after
{Heap after GC invocations=69 (full 0):
 garbage-first heap   total 364544K, used 171008K [0x0000000080000000, 0x0000000100000000)
  region size 1024K, 20 young (20480K), 20 survivors (20480K)
 Metaspace       used 133646K, committed 135872K, reserved 1179648K
  class space    used 18287K, committed 19392K, reserved 1048576K
}
Event: 70.026 GC heap before
{Heap before GC invocations=69 (full 0):
 garbage-first heap   total 364544K, used 309248K [0x0000000080000000, 0x0000000100000000)
  region size 1024K, 150 young (153600K), 20 survivors (20480K)
 Metaspace       used 136057K, committed 138240K, reserved 1179648K
  class space    used 18606K, committed 19712K, reserved 1048576K
}
Event: 70.097 GC heap after
{Heap after GC invocations=70 (full 0):
 garbage-first heap   total 364544K, used 183296K [0x0000000080000000, 0x0000000100000000)
  region size 1024K, 17 young (17408K), 17 survivors (17408K)
 Metaspace       used 136057K, committed 138240K, reserved 1179648K
  class space    used 18606K, committed 19712K, reserved 1048576K
}

