# JRE version: OpenJDK Runtime Environment (21.0.3) (build 21.0.3+-12282718-b509.11)
# Java VM: OpenJDK 64-Bit Server VM (21.0.3+-12282718-b509.11, mixed mode, tiered, compressed oops, compressed class ptrs, g1 gc, windows-amd64)
GC Precious Log:
 CardTable entry size: 512
 Card Set container configuration: InlinePtr #cards 5 size 8 Array Of Cards #cards 12 size 40 Howl #buckets 4 coarsen threshold 1843 Howl Bitmap #cards 512 size 80 coarsen threshold 460 Card regions per heap region 1 cards per card region 2048
 CPUs: 4 total, 4 available
 Memory: 3885M
 Large Page Support: Disabled
 NUMA Support: Disabled
 Compressed Oops: Enabled (32-bit)
 Heap Region Size: 1M
 Heap Min Capacity: 8M
 Heap Initial Capacity: 62M
 Heap Max Capacity: 2G
 Pre-touch: Disabled
 Parallel Workers: 4
 Concurrent Workers: 1
 Concurrent Refinement Workers: 4
 Periodic GC: Disabled
Heap:
 garbage-first heap   total 372736K, used 176072K [0x0000000080000000, 0x0000000100000000)
  region size 1024K, 44 young (45056K), 3 survivors (3072K)
 Metaspace       used 122430K, committed 124544K, reserved 1179648K
  class space    used 16746K, committed 17792K, reserved 1048576K
GC Heap History (20 events):
Event: 66.898 GC heap before
{Heap before GC invocations=55 (full 0):
 garbage-first heap   total 179200K, used 162681K [0x0000000080000000, 0x0000000100000000)
  region size 1024K, 63 young (64512K), 5 survivors (5120K)
 Metaspace       used 104855K, committed 107008K, reserved 1179648K
  class space    used 14447K, committed 15552K, reserved 1048576K
}
Event: 66.920 GC heap after
{Heap after GC invocations=56 (full 0):
 garbage-first heap   total 179200K, used 106552K [0x0000000080000000, 0x0000000100000000)
  region size 1024K, 5 young (5120K), 5 survivors (5120K)
 Metaspace       used 104855K, committed 107008K, reserved 1179648K
  class space    used 14447K, committed 15552K, reserved 1048576K
}
Event: 67.825 GC heap before
{Heap before GC invocations=57 (full 0):
 garbage-first heap   total 188416K, used 161848K [0x0000000080000000, 0x0000000100000000)
  region size 1024K, 60 young (61440K), 5 survivors (5120K)
 Metaspace       used 104929K, committed 107072K, reserved 1179648K
  class space    used 14457K, committed 15552K, reserved 1048576K
}
Event: 67.834 GC heap after
{Heap after GC invocations=58 (full 0):
 garbage-first heap   total 188416K, used 107816K [0x0000000080000000, 0x0000000100000000)
  region size 1024K, 4 young (4096K), 4 survivors (4096K)
 Metaspace       used 104929K, committed 107072K, reserved 1179648K
  class space    used 14457K, committed 15552K, reserved 1048576K
}
Event: 69.157 GC heap before
{Heap before GC invocations=58 (full 0):
 garbage-first heap   total 188416K, used 172328K [0x0000000080000000, 0x0000000100000000)
  region size 1024K, 68 young (69632K), 4 survivors (4096K)
 Metaspace       used 105165K, committed 107264K, reserved 1179648K
  class space    used 14472K, committed 15552K, reserved 1048576K
}
Event: 69.181 GC heap after
{Heap after GC invocations=59 (full 0):
 garbage-first heap   total 188416K, used 108991K [0x0000000080000000, 0x0000000100000000)
  region size 1024K, 6 young (6144K), 6 survivors (6144K)
 Metaspace       used 105165K, committed 107264K, reserved 1179648K
  class space    used 14472K, committed 15552K, reserved 1048576K
}
Event: 71.685 GC heap before
{Heap before GC invocations=59 (full 0):
 garbage-first heap   total 188416K, used 170431K [0x0000000080000000, 0x0000000100000000)
  region size 1024K, 67 young (68608K), 6 survivors (6144K)
 Metaspace       used 108622K, committed 110784K, reserved 1179648K
  class space    used 14963K, committed 16064K, reserved 1048576K
}
Event: 71.702 GC heap after
{Heap after GC invocations=60 (full 0):
 garbage-first heap   total 230400K, used 113544K [0x0000000080000000, 0x0000000100000000)
  region size 1024K, 9 young (9216K), 9 survivors (9216K)
 Metaspace       used 108622K, committed 110784K, reserved 1179648K
  class space    used 14963K, committed 16064K, reserved 1048576K
}
Event: 74.528 GC heap before
{Heap before GC invocations=61 (full 0):
 garbage-first heap   total 230400K, used 203656K [0x0000000080000000, 0x0000000100000000)
  region size 1024K, 98 young (100352K), 9 survivors (9216K)
 Metaspace       used 114853K, committed 116992K, reserved 1179648K
  class space    used 15804K, committed 16896K, reserved 1048576K
}
Event: 74.583 GC heap after
{Heap after GC invocations=62 (full 0):
 garbage-first heap   total 230400K, used 120714K [0x0000000080000000, 0x0000000100000000)
  region size 1024K, 13 young (13312K), 13 survivors (13312K)
 Metaspace       used 114853K, committed 116992K, reserved 1179648K
  class space    used 15804K, committed 16896K, reserved 1048576K
}
Event: 78.425 GC heap before
{Heap before GC invocations=62 (full 0):
 garbage-first heap   total 230400K, used 200586K [0x0000000080000000, 0x0000000100000000)
  region size 1024K, 92 young (94208K), 13 survivors (13312K)
 Metaspace       used 120585K, committed 122688K, reserved 1179648K
  class space    used 16595K, committed 17664K, reserved 1048576K
}
Event: 78.506 GC heap after
{Heap after GC invocations=63 (full 0):
 garbage-first heap   total 230400K, used 125151K [0x0000000080000000, 0x0000000100000000)
  region size 1024K, 5 young (5120K), 5 survivors (5120K)
 Metaspace       used 120585K, committed 122688K, reserved 1179648K
  class space    used 16595K, committed 17664K, reserved 1048576K
}
Event: 80.107 GC heap before
{Heap before GC invocations=63 (full 0):
 garbage-first heap   total 230400K, used 206047K [0x0000000080000000, 0x0000000100000000)
  region size 1024K, 84 young (86016K), 5 survivors (5120K)
 Metaspace       used 121352K, committed 123456K, reserved 1179648K
  class space    used 16661K, committed 17728K, reserved 1048576K
}
Event: 80.144 GC heap after
{Heap after GC invocations=64 (full 0):
 garbage-first heap   total 230400K, used 134144K [0x0000000080000000, 0x0000000100000000)
  region size 1024K, 11 young (11264K), 11 survivors (11264K)
 Metaspace       used 121352K, committed 123456K, reserved 1179648K
  class space    used 16661K, committed 17728K, reserved 1048576K
}
Event: 82.323 GC heap before
{Heap before GC invocations=65 (full 0):
 garbage-first heap   total 276480K, used 203776K [0x0000000080000000, 0x0000000100000000)
  region size 1024K, 80 young (81920K), 11 survivors (11264K)
 Metaspace       used 121914K, committed 124096K, reserved 1179648K
  class space    used 16702K, committed 17792K, reserved 1048576K
}
Event: 82.421 GC heap after
{Heap after GC invocations=66 (full 0):
 garbage-first heap   total 276480K, used 137580K [0x0000000080000000, 0x0000000100000000)
  region size 1024K, 3 young (3072K), 3 survivors (3072K)
 Metaspace       used 121914K, committed 124096K, reserved 1179648K
  class space    used 16702K, committed 17792K, reserved 1048576K
}
Event: 83.711 GC heap before
{Heap before GC invocations=66 (full 0):
 garbage-first heap   total 276480K, used 252268K [0x0000000080000000, 0x0000000100000000)
  region size 1024K, 115 young (117760K), 3 survivors (3072K)
 Metaspace       used 122199K, committed 124352K, reserved 1179648K
  class space    used 16727K, committed 17792K, reserved 1048576K
}
Event: 83.751 GC heap after
{Heap after GC invocations=67 (full 0):
 garbage-first heap   total 276480K, used 136625K [0x0000000080000000, 0x0000000100000000)
  region size 1024K, 2 young (2048K), 2 survivors (2048K)
 Metaspace       used 122199K, committed 124352K, reserved 1179648K
  class space    used 16727K, committed 17792K, reserved 1048576K
}
Event: 85.550 GC heap before
{Heap before GC invocations=67 (full 0):
 garbage-first heap   total 276480K, used 258481K [0x0000000080000000, 0x0000000100000000)
  region size 1024K, 121 young (123904K), 2 survivors (2048K)
 Metaspace       used 122347K, committed 124480K, reserved 1179648K
  class space    used 16732K, committed 17792K, reserved 1048576K
}
Event: 85.581 GC heap after
{Heap after GC invocations=68 (full 0):
 garbage-first heap   total 372736K, used 137160K [0x0000000080000000, 0x0000000100000000)
  region size 1024K, 3 young (3072K), 3 survivors (3072K)
 Metaspace       used 122347K, committed 124480K, reserved 1179648K
  class space    used 16732K, committed 17792K, reserved 1048576K
}

