# JRE version: OpenJDK Runtime Environment (21.0.3) (build 21.0.3+-12282718-b509.11)
# Java VM: OpenJDK 64-Bit Server VM (21.0.3+-12282718-b509.11, mixed mode, tiered, compressed oops, compressed class ptrs, g1 gc, windows-amd64)
GC Precious Log:
 CardTable entry size: 512
 Card Set container configuration: InlinePtr #cards 5 size 8 Array Of Cards #cards 12 size 40 Howl #buckets 4 coarsen threshold 1843 Howl Bitmap #cards 512 size 80 coarsen threshold 460 Card regions per heap region 1 cards per card region 2048
 CPUs: 4 total, 4 available
 Memory: 3885M
 Large Page Support: Disabled
 NUMA Support: Disabled
 Compressed Oops: Enabled (32-bit)
 Heap Region Size: 1M
 Heap Min Capacity: 8M
 Heap Initial Capacity: 62M
 Heap Max Capacity: 2G
 Pre-touch: Disabled
 Parallel Workers: 4
 Concurrent Workers: 1
 Concurrent Refinement Workers: 4
 Periodic GC: Disabled
Heap:
 garbage-first heap   total 408576K, used 407868K [0x0000000080000000, 0x0000000100000000)
  region size 1024K, 127 young (130048K), 0 survivors (0K)
 Metaspace       used 148584K, committed 150848K, reserved 1179648K
  class space    used 19735K, committed 20800K, reserved 1048576K
GC Heap History (20 events):
Event: 63.134 GC heap after
{Heap after GC invocations=54 (full 0):
 garbage-first heap   total 306176K, used 136307K [0x0000000080000000, 0x0000000100000000)
  region size 1024K, 8 young (8192K), 8 survivors (8192K)
 Metaspace       used 126326K, committed 128512K, reserved 1179648K
  class space    used 17416K, committed 18496K, reserved 1048576K
}
Event: 68.289 GC heap before
{Heap before GC invocations=54 (full 0):
 garbage-first heap   total 306176K, used 254067K [0x0000000080000000, 0x0000000100000000)
  region size 1024K, 125 young (128000K), 8 survivors (8192K)
 Metaspace       used 134261K, committed 136448K, reserved 1179648K
  class space    used 18569K, committed 19648K, reserved 1048576K
}
Event: 68.333 GC heap after
{Heap after GC invocations=55 (full 0):
 garbage-first heap   total 306176K, used 140942K [0x0000000080000000, 0x0000000100000000)
  region size 1024K, 13 young (13312K), 13 survivors (13312K)
 Metaspace       used 134261K, committed 136448K, reserved 1179648K
  class space    used 18569K, committed 19648K, reserved 1048576K
}
Event: 90.336 GC heap before
{Heap before GC invocations=56 (full 0):
 garbage-first heap   total 386048K, used 352910K [0x0000000080000000, 0x0000000100000000)
  region size 1024K, 140 young (143360K), 13 survivors (13312K)
 Metaspace       used 136262K, committed 138432K, reserved 1179648K
  class space    used 18826K, committed 19904K, reserved 1048576K
}
Event: 90.676 GC heap after
{Heap after GC invocations=57 (full 0):
 garbage-first heap   total 386048K, used 147849K [0x0000000080000000, 0x0000000100000000)
  region size 1024K, 18 young (18432K), 18 survivors (18432K)
 Metaspace       used 136262K, committed 138432K, reserved 1179648K
  class space    used 18826K, committed 19904K, reserved 1048576K
}
Event: 1528.639 GC heap before
{Heap before GC invocations=57 (full 0):
 garbage-first heap   total 386048K, used 351625K [0x0000000080000000, 0x0000000100000000)
  region size 1024K, 212 young (217088K), 18 survivors (18432K)
 Metaspace       used 138331K, committed 140480K, reserved 1179648K
  class space    used 18995K, committed 20032K, reserved 1048576K
}
Event: 1528.892 GC heap after
{Heap after GC invocations=58 (full 0):
 garbage-first heap   total 395264K, used 171008K [0x0000000080000000, 0x0000000100000000)
  region size 1024K, 27 young (27648K), 27 survivors (27648K)
 Metaspace       used 138331K, committed 140480K, reserved 1179648K
  class space    used 18995K, committed 20032K, reserved 1048576K
}
Event: 1534.176 GC heap before
{Heap before GC invocations=58 (full 0):
 garbage-first heap   total 395264K, used 368640K [0x0000000080000000, 0x0000000100000000)
  region size 1024K, 192 young (196608K), 27 survivors (27648K)
 Metaspace       used 142861K, committed 145024K, reserved 1179648K
  class space    used 19445K, committed 20480K, reserved 1048576K
}
Event: 1534.265 GC heap after
{Heap after GC invocations=59 (full 0):
 garbage-first heap   total 408576K, used 175616K [0x0000000080000000, 0x0000000100000000)
  region size 1024K, 11 young (11264K), 11 survivors (11264K)
 Metaspace       used 142861K, committed 145024K, reserved 1179648K
  class space    used 19445K, committed 20480K, reserved 1048576K
}
Event: 1541.006 GC heap before
{Heap before GC invocations=59 (full 0):
 garbage-first heap   total 408576K, used 248320K [0x0000000080000000, 0x0000000100000000)
  region size 1024K, 83 young (84992K), 11 survivors (11264K)
 Metaspace       used 143536K, committed 145728K, reserved 1179648K
  class space    used 19521K, committed 20608K, reserved 1048576K
}
Event: 1541.095 GC heap after
{Heap after GC invocations=60 (full 0):
 garbage-first heap   total 408576K, used 187904K [0x0000000080000000, 0x0000000100000000)
  region size 1024K, 11 young (11264K), 11 survivors (11264K)
 Metaspace       used 143536K, committed 145728K, reserved 1179648K
  class space    used 19521K, committed 20608K, reserved 1048576K
}
Event: 1546.152 GC heap before
{Heap before GC invocations=61 (full 0):
 garbage-first heap   total 408576K, used 280064K [0x0000000080000000, 0x0000000100000000)
  region size 1024K, 103 young (105472K), 11 survivors (11264K)
 Metaspace       used 144555K, committed 146752K, reserved 1179648K
  class space    used 19621K, committed 20672K, reserved 1048576K
}
Event: 1546.209 GC heap after
{Heap after GC invocations=62 (full 0):
 garbage-first heap   total 408576K, used 188416K [0x0000000080000000, 0x0000000100000000)
  region size 1024K, 5 young (5120K), 5 survivors (5120K)
 Metaspace       used 144555K, committed 146752K, reserved 1179648K
  class space    used 19621K, committed 20672K, reserved 1048576K
}
Event: 1552.828 GC heap before
{Heap before GC invocations=62 (full 0):
 garbage-first heap   total 408576K, used 374784K [0x0000000080000000, 0x0000000100000000)
  region size 1024K, 178 young (182272K), 5 survivors (5120K)
 Metaspace       used 146288K, committed 148480K, reserved 1179648K
  class space    used 19688K, committed 20736K, reserved 1048576K
}
Event: 1552.863 GC heap after
{Heap after GC invocations=63 (full 0):
 garbage-first heap   total 408576K, used 188698K [0x0000000080000000, 0x0000000100000000)
  region size 1024K, 10 young (10240K), 10 survivors (10240K)
 Metaspace       used 146288K, committed 148480K, reserved 1179648K
  class space    used 19688K, committed 20736K, reserved 1048576K
}
Event: 1554.925 GC heap before
{Heap before GC invocations=63 (full 0):
 garbage-first heap   total 408576K, used 366874K [0x0000000080000000, 0x0000000100000000)
  region size 1024K, 185 young (189440K), 10 survivors (10240K)
 Metaspace       used 147788K, committed 150016K, reserved 1179648K
  class space    used 19702K, committed 20736K, reserved 1048576K
}
Event: 1554.991 GC heap after
{Heap after GC invocations=64 (full 0):
 garbage-first heap   total 408576K, used 200704K [0x0000000080000000, 0x0000000100000000)
  region size 1024K, 23 young (23552K), 23 survivors (23552K)
 Metaspace       used 147788K, committed 150016K, reserved 1179648K
  class space    used 19702K, committed 20736K, reserved 1048576K
}
Event: 1557.472 GC heap before
{Heap before GC invocations=65 (full 0):
 garbage-first heap   total 408576K, used 350208K [0x0000000080000000, 0x0000000100000000)
  region size 1024K, 167 young (171008K), 23 survivors (23552K)
 Metaspace       used 148200K, committed 150400K, reserved 1179648K
  class space    used 19714K, committed 20800K, reserved 1048576K
}
Event: 1557.521 GC heap after
{Heap after GC invocations=66 (full 0):
 garbage-first heap   total 408576K, used 188732K [0x0000000080000000, 0x0000000100000000)
  region size 1024K, 14 young (14336K), 14 survivors (14336K)
 Metaspace       used 148200K, committed 150400K, reserved 1179648K
  class space    used 19714K, committed 20800K, reserved 1048576K
}
Event: 1587.674 GC heap before
{Heap before GC invocations=66 (full 0):
 garbage-first heap   total 408576K, used 406844K [0x0000000080000000, 0x0000000100000000)
  region size 1024K, 141 young (144384K), 14 survivors (14336K)
 Metaspace       used 148584K, committed 150848K, reserved 1179648K
  class space    used 19735K, committed 20800K, reserved 1048576K
}

