# JRE version: OpenJDK Runtime Environment (21.0.3) (build 21.0.3+-12282718-b509.11)
# Java VM: OpenJDK 64-Bit Server VM (21.0.3+-12282718-b509.11, mixed mode, tiered, compressed oops, compressed class ptrs, g1 gc, windows-amd64)
GC Precious Log:
 CardTable entry size: 512
 Card Set container configuration: InlinePtr #cards 5 size 8 Array Of Cards #cards 12 size 40 Howl #buckets 4 coarsen threshold 1843 Howl Bitmap #cards 512 size 80 coarsen threshold 460 Card regions per heap region 1 cards per card region 2048
 CPUs: 4 total, 4 available
 Memory: 3885M
 Large Page Support: Disabled
 NUMA Support: Disabled
 Compressed Oops: Enabled (32-bit)
 Heap Region Size: 1M
 Heap Min Capacity: 8M
 Heap Initial Capacity: 62M
 Heap Max Capacity: 2G
 Pre-touch: Disabled
 Parallel Workers: 4
 Concurrent Workers: 1
 Concurrent Refinement Workers: 4
 Periodic GC: Disabled
Heap:
 garbage-first heap   total 275456K, used 207781K [0x0000000080000000, 0x0000000100000000)
  region size 1024K, 85 young (87040K), 8 survivors (8192K)
 Metaspace       used 129913K, committed 132032K, reserved 1179648K
  class space    used 17671K, committed 18752K, reserved 1048576K
GC Heap History (20 events):
Event: 188.129 GC heap before
{Heap before GC invocations=62 (full 0):
 garbage-first heap   total 235520K, used 209615K [0x0000000080000000, 0x0000000100000000)
  region size 1024K, 89 young (91136K), 6 survivors (6144K)
 Metaspace       used 107924K, committed 110080K, reserved 1179648K
  class space    used 14718K, committed 15808K, reserved 1048576K
}
Event: 188.156 GC heap after
{Heap after GC invocations=63 (full 0):
 garbage-first heap   total 235520K, used 129536K [0x0000000080000000, 0x0000000100000000)
  region size 1024K, 12 young (12288K), 12 survivors (12288K)
 Metaspace       used 107924K, committed 110080K, reserved 1179648K
  class space    used 14718K, committed 15808K, reserved 1048576K
}
Event: 191.815 GC heap before
{Heap before GC invocations=63 (full 0):
 garbage-first heap   total 235520K, used 209408K [0x0000000080000000, 0x0000000100000000)
  region size 1024K, 91 young (93184K), 12 survivors (12288K)
 Metaspace       used 110026K, committed 112128K, reserved 1179648K
  class space    used 14970K, committed 16000K, reserved 1048576K
}
Event: 191.861 GC heap after
{Heap after GC invocations=64 (full 0):
 garbage-first heap   total 235520K, used 138752K [0x0000000080000000, 0x0000000100000000)
  region size 1024K, 9 young (9216K), 9 survivors (9216K)
 Metaspace       used 110026K, committed 112128K, reserved 1179648K
  class space    used 14970K, committed 16000K, reserved 1048576K
}
Event: 194.144 GC heap before
{Heap before GC invocations=64 (full 0):
 garbage-first heap   total 235520K, used 212480K [0x0000000080000000, 0x0000000100000000)
  region size 1024K, 82 young (83968K), 9 survivors (9216K)
 Metaspace       used 111075K, committed 113152K, reserved 1179648K
  class space    used 15088K, committed 16128K, reserved 1048576K
}
Event: 194.166 GC heap after
{Heap after GC invocations=65 (full 0):
 garbage-first heap   total 235520K, used 141212K [0x0000000080000000, 0x0000000100000000)
  region size 1024K, 6 young (6144K), 6 survivors (6144K)
 Metaspace       used 111075K, committed 113152K, reserved 1179648K
  class space    used 15088K, committed 16128K, reserved 1048576K
}
Event: 197.540 GC heap before
{Heap before GC invocations=66 (full 0):
 garbage-first heap   total 244736K, used 207772K [0x0000000080000000, 0x0000000100000000)
  region size 1024K, 77 young (78848K), 6 survivors (6144K)
 Metaspace       used 117308K, committed 119424K, reserved 1179648K
  class space    used 15989K, committed 17024K, reserved 1048576K
}
Event: 197.564 GC heap after
{Heap after GC invocations=67 (full 0):
 garbage-first heap   total 244736K, used 139264K [0x0000000080000000, 0x0000000100000000)
  region size 1024K, 9 young (9216K), 9 survivors (9216K)
 Metaspace       used 117308K, committed 119424K, reserved 1179648K
  class space    used 15989K, committed 17024K, reserved 1048576K
}
Event: 201.807 GC heap before
{Heap before GC invocations=67 (full 0):
 garbage-first heap   total 244736K, used 220160K [0x0000000080000000, 0x0000000100000000)
  region size 1024K, 89 young (91136K), 9 survivors (9216K)
 Metaspace       used 125166K, committed 127296K, reserved 1179648K
  class space    used 17136K, committed 18240K, reserved 1048576K
}
Event: 201.973 GC heap after
{Heap after GC invocations=68 (full 0):
 garbage-first heap   total 244736K, used 127060K [0x0000000080000000, 0x0000000100000000)
  region size 1024K, 9 young (9216K), 9 survivors (9216K)
 Metaspace       used 125166K, committed 127296K, reserved 1179648K
  class space    used 17136K, committed 18240K, reserved 1048576K
}
Event: 204.885 GC heap before
{Heap before GC invocations=68 (full 0):
 garbage-first heap   total 244736K, used 219220K [0x0000000080000000, 0x0000000100000000)
  region size 1024K, 100 young (102400K), 9 survivors (9216K)
 Metaspace       used 128829K, committed 131008K, reserved 1179648K
  class space    used 17597K, committed 18688K, reserved 1048576K
}
Event: 204.946 GC heap after
{Heap after GC invocations=69 (full 0):
 garbage-first heap   total 244736K, used 130048K [0x0000000080000000, 0x0000000100000000)
  region size 1024K, 8 young (8192K), 8 survivors (8192K)
 Metaspace       used 128829K, committed 131008K, reserved 1179648K
  class space    used 17597K, committed 18688K, reserved 1048576K
}
Event: 206.468 GC heap before
{Heap before GC invocations=69 (full 0):
 garbage-first heap   total 244736K, used 223232K [0x0000000080000000, 0x0000000100000000)
  region size 1024K, 99 young (101376K), 8 survivors (8192K)
 Metaspace       used 129196K, committed 131392K, reserved 1179648K
  class space    used 17621K, committed 18752K, reserved 1048576K
}
Event: 206.486 GC heap after
{Heap after GC invocations=70 (full 0):
 garbage-first heap   total 244736K, used 129671K [0x0000000080000000, 0x0000000100000000)
  region size 1024K, 5 young (5120K), 5 survivors (5120K)
 Metaspace       used 129196K, committed 131392K, reserved 1179648K
  class space    used 17621K, committed 18752K, reserved 1048576K
}
Event: 208.202 GC heap before
{Heap before GC invocations=71 (full 0):
 garbage-first heap   total 275456K, used 222855K [0x0000000080000000, 0x0000000100000000)
  region size 1024K, 97 young (99328K), 5 survivors (5120K)
 Metaspace       used 129496K, committed 131648K, reserved 1179648K
  class space    used 17654K, committed 18752K, reserved 1048576K
}
Event: 208.210 GC heap after
{Heap after GC invocations=72 (full 0):
 garbage-first heap   total 275456K, used 129767K [0x0000000080000000, 0x0000000100000000)
  region size 1024K, 5 young (5120K), 5 survivors (5120K)
 Metaspace       used 129496K, committed 131648K, reserved 1179648K
  class space    used 17654K, committed 18752K, reserved 1048576K
}
Event: 209.854 GC heap before
{Heap before GC invocations=72 (full 0):
 garbage-first heap   total 275456K, used 253671K [0x0000000080000000, 0x0000000100000000)
  region size 1024K, 126 young (129024K), 5 survivors (5120K)
 Metaspace       used 129639K, committed 131776K, reserved 1179648K
  class space    used 17656K, committed 18752K, reserved 1048576K
}
Event: 209.871 GC heap after
{Heap after GC invocations=73 (full 0):
 garbage-first heap   total 275456K, used 132354K [0x0000000080000000, 0x0000000100000000)
  region size 1024K, 8 young (8192K), 8 survivors (8192K)
 Metaspace       used 129639K, committed 131776K, reserved 1179648K
  class space    used 17656K, committed 18752K, reserved 1048576K
}
Event: 211.369 GC heap before
{Heap before GC invocations=73 (full 0):
 garbage-first heap   total 275456K, used 253186K [0x0000000080000000, 0x0000000100000000)
  region size 1024K, 125 young (128000K), 8 survivors (8192K)
 Metaspace       used 129855K, committed 131968K, reserved 1179648K
  class space    used 17666K, committed 18752K, reserved 1048576K
}
Event: 211.391 GC heap after
{Heap after GC invocations=74 (full 0):
 garbage-first heap   total 275456K, used 130981K [0x0000000080000000, 0x0000000100000000)
  region size 1024K, 8 young (8192K), 8 survivors (8192K)
 Metaspace       used 129855K, committed 131968K, reserved 1179648K
  class space    used 17666K, committed 18752K, reserved 1048576K
}

